Using pre-set license
Built from '2020.3/release' branch; Version is '2020.3.1f1 (77a89f25062f) revision 7841951'; Using compiler version '192528614'; Build Type 'Release'
OS: 'Windows 10 Pro; OS build 19042.870; Version 2009; 64bit' Language: 'en' Physical Memory: 65457 MB
BatchMode: 1, IsHumanControllingUs: 0, StartBugReporterOnCrash: 0, Is64bit: 1, IsPro: 0

 COMMAND LINE ARGUMENTS:
C:\Program Files\Unity\Hub\Editor\2020.3.1f1\Editor\Unity.exe
-adb2
-batchMode
-noUpm
-name
AssetImportWorker0
-projectPath
C:/Users/antho/OneDrive/Desktop/KP_Decision_2019
-logFile
Logs/AssetImportWorker0.log
-srvPort
57008
Successfully changed project path to: C:/Users/antho/OneDrive/Desktop/KP_Decision_2019
C:/Users/antho/OneDrive/Desktop/KP_Decision_2019
Using Asset Import Pipeline V2.
Refreshing native plugins compatible for Editor in 32.05 ms, found 1 plugins.
Preloading 0 native plugins for Editor in 0.00 ms.
Initialize engine version: 2020.3.1f1 (77a89f25062f)
[Subsystems] Discovering subsystems at path C:/Program Files/Unity/Hub/Editor/2020.3.1f1/Editor/Data/Resources/UnitySubsystems
[Subsystems] Discovering subsystems at path C:/Users/antho/OneDrive/Desktop/KP_Decision_2019/Assets
GfxDevice: creating device client; threaded=0
Direct3D:
    Version:  Direct3D 11.0 [level 11.1]
    Renderer: NVIDIA GeForce GTX 1650 (ID=0x1f82)
    Vendor:   
    VRAM:     3962 MB
    Driver:   27.21.14.6172
Initialize mono
Mono path[0] = 'C:/Program Files/Unity/Hub/Editor/2020.3.1f1/Editor/Data/Managed'
Mono path[1] = 'C:/Program Files/Unity/Hub/Editor/2020.3.1f1/Editor/Data/MonoBleedingEdge/lib/mono/unityjit'
Mono config path = 'C:/Program Files/Unity/Hub/Editor/2020.3.1f1/Editor/Data/MonoBleedingEdge/etc'
Using monoOptions --debugger-agent=transport=dt_socket,embedding=1,server=y,suspend=n,address=127.0.0.1:56044
Begin MonoManager ReloadAssembly
Registering precompiled unity dll's ...
Register platform support module: C:/Program Files/Unity/Hub/Editor/2020.3.1f1/Editor/Data/PlaybackEngines/MacStandaloneSupport/UnityEditor.OSXStandalone.Extensions.dll
Register platform support module: C:/Program Files/Unity/Hub/Editor/2020.3.1f1/Editor/Data/PlaybackEngines/WindowsStandaloneSupport/UnityEditor.WindowsStandalone.Extensions.dll
Registered in 0.001499 seconds.
Native extension for WindowsStandalone target not found
Native extension for OSXStandalone target not found
Refreshing native plugins compatible for Editor in 28.02 ms, found 1 plugins.
Preloading 0 native plugins for Editor in 0.00 ms.
Invoked RoslynAnalysisRunner static constructor.
RoslynAnalysisRunner will not be running.
RoslynAnalysisRunner has terminated.
Mono: successfully reloaded assembly
- Completed reload, in  0.727 seconds
Platform modules already initialized, skipping
Registering precompiled user dll's ...
Registered in 0.001756 seconds.
Begin MonoManager ReloadAssembly
Native extension for WindowsStandalone target not found
Native extension for OSXStandalone target not found
Refreshing native plugins compatible for Editor in 0.37 ms, found 1 plugins.
Preloading 0 native plugins for Editor in 0.00 ms.
Invoked RoslynAnalysisRunner static constructor.
RoslynAnalysisRunner will not be running.
RoslynAnalysisRunner has terminated.
Mono: successfully reloaded assembly
- Completed reload, in  0.615 seconds
Platform modules already initialized, skipping
========================================================================
Worker process is ready to serve import requests
Launched and connected shader compiler UnityShaderCompiler.exe after 0.02 seconds
Refreshing native plugins compatible for Editor in 0.36 ms, found 1 plugins.
Preloading 0 native plugins for Editor in 0.00 ms.
Unloading 1435 Unused Serialized files (Serialized files now loaded: 0)
System memory in use before: 66.7 MB.
System memory in use after: 66.8 MB.

Unloading 36 unused Assets to reduce memory usage. Loaded Objects now: 1862.
Total: 1.283800 ms (FindLiveObjects: 0.129000 ms CreateObjectMapping: 0.045700 ms MarkObjects: 1.065100 ms  DeleteObjects: 0.043300 ms)

========================================================================
Received Import Request.
  path: Assets/Sprites/Hanger.png
  artifactKey: Guid(8354ac135438d433a8bc3d56b763ad08) Importer(815301076,1909f56bfc062723c751e8b465ee728b)
Start importing Assets/Sprites/Hanger.png using Guid(8354ac135438d433a8bc3d56b763ad08) Importer(815301076,1909f56bfc062723c751e8b465ee728b)  -> (artifact id: '453d694490399cbe39a7bd224454f388') in 0.087769 seconds
  Import took 0.089800 seconds .

========================================================================
Received Import Request.
  Time since last request: 0.000111 seconds.
  path: Assets/Sprites/TimerCircle.png
  artifactKey: Guid(8f82eb5b1a8044e52ad6c093642407bf) Importer(815301076,1909f56bfc062723c751e8b465ee728b)
Start importing Assets/Sprites/TimerCircle.png using Guid(8f82eb5b1a8044e52ad6c093642407bf) Importer(815301076,1909f56bfc062723c751e8b465ee728b)  -> (artifact id: 'd089c0e208c32e7bd3a3c40835fa5577') in 0.018781 seconds
  Import took 0.020523 seconds .

========================================================================
Received Import Request.
  Time since last request: 0.000122 seconds.
  path: Assets/Sprites/Button.png
  artifactKey: Guid(6b70c27efcb826c45bfa7c2f1da6e236) Importer(815301076,1909f56bfc062723c751e8b465ee728b)
Start importing Assets/Sprites/Button.png using Guid(6b70c27efcb826c45bfa7c2f1da6e236) Importer(815301076,1909f56bfc062723c751e8b465ee728b)  -> (artifact id: 'e217fd9cc5e3ba099d3152a8a8fe3486') in 0.013716 seconds
  Import took 0.015550 seconds .

========================================================================
Received Import Request.
  Time since last request: 0.000105 seconds.
  path: Assets/Sprites/Logo Knapsack.png
  artifactKey: Guid(e877a973845484670bc15da243cb4c0a) Importer(815301076,1909f56bfc062723c751e8b465ee728b)
Start importing Assets/Sprites/Logo Knapsack.png using Guid(e877a973845484670bc15da243cb4c0a) Importer(815301076,1909f56bfc062723c751e8b465ee728b)  -> (artifact id: '3484c43d4d223ded5fcee326308c4b3d') in 0.014661 seconds
  Import took 0.016483 seconds .

========================================================================
Received Import Request.
  Time since last request: 0.000108 seconds.
  path: Assets/Sprites/Bill.png
  artifactKey: Guid(09717152ae4244ad9b575d584c7dda4c) Importer(815301076,1909f56bfc062723c751e8b465ee728b)
Start importing Assets/Sprites/Bill.png using Guid(09717152ae4244ad9b575d584c7dda4c) Importer(815301076,1909f56bfc062723c751e8b465ee728b)  -> (artifact id: '11dc9648b0ef9a8fd92039ec80061eaf') in 0.014851 seconds
  Import took 0.016554 seconds .

========================================================================
Received Import Request.
  Time since last request: 0.000109 seconds.
  path: Assets/Sprites/Weight.png
  artifactKey: Guid(3b876e03ff19949cb8c302b85091dec3) Importer(815301076,1909f56bfc062723c751e8b465ee728b)
Start importing Assets/Sprites/Weight.png using Guid(3b876e03ff19949cb8c302b85091dec3) Importer(815301076,1909f56bfc062723c751e8b465ee728b)  -> (artifact id: '52131be9ffde5f770f9cc54944181063') in 0.015561 seconds
  Import took 0.017270 seconds .

========================================================================
Received Import Request.
  Time since last request: 0.000110 seconds.
  path: Assets/Sprites/Center.png
  artifactKey: Guid(d692ffe3b97cf4136951f26757e5a308) Importer(815301076,1909f56bfc062723c751e8b465ee728b)
Start importing Assets/Sprites/Center.png using Guid(d692ffe3b97cf4136951f26757e5a308) Importer(815301076,1909f56bfc062723c751e8b465ee728b)  -> (artifact id: '099396ee865bd6a4db445f3cd25df7dd') in 0.014243 seconds
  Import took 0.015984 seconds .

========================================================================
Received Import Request.
  Time since last request: 4.528764 seconds.
  path: Assets/Scripts/GameManager.cs
  artifactKey: Guid(b1a02c3a49cc44d1ca48b297c7f087c9) Importer(815301076,1909f56bfc062723c751e8b465ee728b)
Start importing Assets/Scripts/GameManager.cs using Guid(b1a02c3a49cc44d1ca48b297c7f087c9) Importer(815301076,1909f56bfc062723c751e8b465ee728b)  -> (artifact id: 'baee27b214807fd25a1f1a8035e1f8be') in 0.009440 seconds
  Import took 0.011348 seconds .

========================================================================
Received Prepare
Registering precompiled user dll's ...
Registered in 0.001753 seconds.
Begin MonoManager ReloadAssembly
Native extension for WindowsStandalone target not found
Native extension for OSXStandalone target not found
Refreshing native plugins compatible for Editor in 0.38 ms, found 1 plugins.
Preloading 0 native plugins for Editor in 0.00 ms.
Invoked RoslynAnalysisRunner static constructor.
RoslynAnalysisRunner will not be running.
RoslynAnalysisRunner has terminated.
Mono: successfully reloaded assembly
- Completed reload, in  0.578 seconds
Platform modules already initialized, skipping
Refreshing native plugins compatible for Editor in 0.36 ms, found 1 plugins.
Preloading 0 native plugins for Editor in 0.00 ms.
Unloading 1430 Unused Serialized files (Serialized files now loaded: 0)
System memory in use before: 69.7 MB.
System memory in use after: 69.8 MB.

Unloading 27 unused Assets to reduce memory usage. Loaded Objects now: 1879.
Total: 1.251300 ms (FindLiveObjects: 0.153500 ms CreateObjectMapping: 0.037400 ms MarkObjects: 1.047000 ms  DeleteObjects: 0.012800 ms)

========================================================================
Received Import Request.
  Time since last request: 66.243963 seconds.
  path: Assets/Scripts/GameManager.cs
  artifactKey: Guid(b1a02c3a49cc44d1ca48b297c7f087c9) Importer(815301076,1909f56bfc062723c751e8b465ee728b)
Start importing Assets/Scripts/GameManager.cs using Guid(b1a02c3a49cc44d1ca48b297c7f087c9) Importer(815301076,1909f56bfc062723c751e8b465ee728b)  -> (artifact id: 'a417ed80621075fe9ad8bbf3d6afae9b') in 0.003165 seconds
  Import took 0.004835 seconds .

========================================================================
Received Prepare
Registering precompiled user dll's ...
Registered in 0.001948 seconds.
Begin MonoManager ReloadAssembly
Native extension for WindowsStandalone target not found
Native extension for OSXStandalone target not found
Refreshing native plugins compatible for Editor in 0.38 ms, found 1 plugins.
Preloading 0 native plugins for Editor in 0.00 ms.
Invoked RoslynAnalysisRunner static constructor.
RoslynAnalysisRunner will not be running.
RoslynAnalysisRunner has terminated.
Mono: successfully reloaded assembly
- Completed reload, in  0.556 seconds
Platform modules already initialized, skipping
Refreshing native plugins compatible for Editor in 0.33 ms, found 1 plugins.
Preloading 0 native plugins for Editor in 0.00 ms.
Unloading 1430 Unused Serialized files (Serialized files now loaded: 0)
System memory in use before: 69.7 MB.
System memory in use after: 69.8 MB.

Unloading 27 unused Assets to reduce memory usage. Loaded Objects now: 1882.
Total: 1.218000 ms (FindLiveObjects: 0.122600 ms CreateObjectMapping: 0.043300 ms MarkObjects: 1.039700 ms  DeleteObjects: 0.011900 ms)

AssetImportWorkerClient::OnTransportError - code=2 error=End of file
